90780 ns [HARV] 
539960 ns [HARV] INIT
1443080 ns [HARV] 00000001
2346540 ns [HARV] 00000037
3471880 ns [HARV] START
3695580 ns [HARV] 
4143080 ns [HARV] TRAP
4958520 ns [HARV] 70004080
5774240 ns [HARV] 00000018
6227640 ns [HARV] 0010
7043660 ns [HARV] 70004080
7859680 ns [HARV] 00008067
8675840 ns [HARV] 700033D8
8948140 ns [HARV] 66
9764300 ns [HARV] 700037D8
10580880 ns [HARV] 0002BFBD
11396900 ns [HARV] 00000000
12797500 ns [HARV] rstcause: 0x1
15295040 ns [HARV] implementation id: 0x33
16498620 ns [HARV] Hello world
18292840 ns [HARV] Exited with code 0
