90780 ns [HARV] 
539960 ns [HARV] INIT
1443080 ns [HARV] 00000001
2346540 ns [HARV] 00000037
2450660 ns [HARV] 
2898160 ns [HARV] TRAP
3713740 ns [HARV] 700021C4
4529460 ns [HARV] 00000018
4982860 ns [HARV] 0040
5799020 ns [HARV] 700021C4
6615040 ns [HARV] 00912223
7431060 ns [HARV] 00100000
7703360 ns [HARV] 00
8519660 ns [HARV] 7000CB18
9335960 ns [HARV] 0001CC97
10151980 ns [HARV] 00000000
11280780 ns [HARV] START
12797640 ns [HARV] rstcause: 0x1
15295180 ns [HARV] implementation id: 0x33
16498760 ns [HARV] Hello world
18292980 ns [HARV] Exited with code 0
