90780 ns [HARV] 
539960 ns [HARV] INIT
1443080 ns [HARV] 00000001
2346540 ns [HARV] 00000037
3471880 ns [HARV] START
4988740 ns [HARV] rstcause: 0x1
7486280 ns [HARV] implementation id: 0x33
7595180 ns [HARV] 
8042680 ns [HARV] TRAP
8858400 ns [HARV] 700035EC
9674120 ns [HARV] 00000018
10127520 ns [HARV] 0040
10943820 ns [HARV] 700035EC
11760120 ns [HARV] 01B787B3
12576140 ns [HARV] 00000081
12848440 ns [HARV] 43
13664460 ns [HARV] 00000018
14480620 ns [HARV] 0005B961
15296640 ns [HARV] 00000000
16507560 ns [HARV] Hello world
18316980 ns [HARV] Exited with code 0
