90780 ns [HARV] 
539960 ns [HARV] INIT
1443080 ns [HARV] 00000001
2663820 ns [HARV] 000000sBªRAP
3479540 ns [HARV] 700004BC
4295260 ns [HARV] 00000005
4748660 ns [HARV] 0800
5564960 ns [HARV] 700004BC
6381400 ns [HARV] FE0798E3
7198540 ns [HARV] DEADBEEF
7470840 ns [HARV] 00
8286860 ns [HARV] 00000002
9103160 ns [HARV] 00019ED8
9919180 ns [HARV] 04000000
10125740 ns [HARV] 7
11251080 ns [HARV] START
12767940 ns [HARV] rstcause: 0x1
15265480 ns [HARV] implementation id: 0x33
16469060 ns [HARV] Hello world
18263280 ns [HARV] Exited with code 0
