Vivado Simulator 2020.2
Time resolution is 1 ps
Note: 
Initializing external memory from /home/carlos/plataforma/SoC/software/out/app-sim.ahx
Time: 0 ps  Iteration: 0  Process: /ahx_tb/top_b/line__131  File: /home/carlos/plataforma/SoC/sim/ahx_tb.vhd
Note: 
Memory loaded
Time: 0 ps  Iteration: 0  Process: /ahx_tb/top_b/line__131  File: /home/carlos/plataforma/SoC/sim/ahx_tb.vhd
Note: 
[LEDS] 'U''U''U''U''U''U''U''0'
Time: 33440 ns  Iteration: 0  Process: /ahx_tb/line__315  File: /home/carlos/plataforma/SoC/sim/ahx_tb.vhd
Note: 
[LEDS] 'U''U''U''U''U''U''0''U'
Time: 40 us  Iteration: 0  Process: /ahx_tb/line__315  File: /home/carlos/plataforma/SoC/sim/ahx_tb.vhd
Note: 
[LEDS] 'U''U''U''U''U''0''U''U'
Time: 46560 ns  Iteration: 0  Process: /ahx_tb/line__315  File: /home/carlos/plataforma/SoC/sim/ahx_tb.vhd
Note: 
[LEDS] 'U''U''U''U''0''U''U''U'
Time: 53120 ns  Iteration: 0  Process: /ahx_tb/line__315  File: /home/carlos/plataforma/SoC/sim/ahx_tb.vhd
Note: 
[LEDS] 'U''U''U''0''U''U''U''U'
Time: 59680 ns  Iteration: 0  Process: /ahx_tb/line__315  File: /home/carlos/plataforma/SoC/sim/ahx_tb.vhd
Note: 
[LEDS] 'U''U''0''U''U''U''U''U'
Time: 66240 ns  Iteration: 0  Process: /ahx_tb/line__315  File: /home/carlos/plataforma/SoC/sim/ahx_tb.vhd
Note: 
[LEDS] 'U''0''U''U''U''U''U''U'
Time: 72800 ns  Iteration: 0  Process: /ahx_tb/line__315  File: /home/carlos/plataforma/SoC/sim/ahx_tb.vhd
Note: 
[LEDS] '0''U''U''U''U''U''U''U'
Time: 79360 ns  Iteration: 0  Process: /ahx_tb/line__315  File: /home/carlos/plataforma/SoC/sim/ahx_tb.vhd
Note: 
[LEDS] 'U''U''U''U''U''U''U''1'
Time: 102940 ns  Iteration: 0  Process: /ahx_tb/line__315  File: /home/carlos/plataforma/SoC/sim/ahx_tb.vhd
