90780 ns [HARV] 
539960 ns [HARV] INIT
1443080 ns [HARV] 00000001
2346540 ns [HARV] 00000037
2891380 ns [HARV] 
3338880 ns [HARV] TRAP
4154460 ns [HARV] 7000352C
4970180 ns [HARV] 00000018
5423580 ns [HARV] 0040
6239740 ns [HARV] 7000352C
7037400 ns [HARV] 0971r›23
7853420 ns [HARV] 00000000
8125720 ns [HARV] 10
8942160 ns [HARV] 7000CAB0
9758460 ns [HARV] 000222AB
10574480 ns [HARV] 00000000
11262560 ns [HARV] START
12779420 ns [HARV] rstcause: 0x1
15276960 ns [HARV] implementation id: 0x33
16480540 ns [HARV] Hello world
18274760 ns [HARV] Exited with code 0
