90780 ns [HARV] 
539960 ns [HARV] INIT
1443080 ns [HARV] 00000001
2346540 ns [HARV] 00000037
3471880 ns [HARV] START
4988740 ns [HARV] rstcause: 0x1
5253680 ns [HARV] 
5701180 ns [HARV] TRAP
6516900 ns [HARV] 700044EC
7332620 ns [HARV] 00000018
7786020 ns [HARV] 0010
8602320 ns [HARV] 700044EC
9418480 ns [HARV] 0807F613
10234500 ns [HARV] 00001000
10506800 ns [HARV] 00
11322820 ns [HARV] 00000000
12139120 ns [HARV] 0003F00E
12955140 ns [HARV] 00000000
15295180 ns [HARV] implementation id: 0x33
16498760 ns [HARV] Hello world
18292980 ns [HARV] Exited with code 0
