90780 ns [HARV] 
539960 ns [HARV] INIT
1443080 ns [HARV] 00000001
2346540 ns [HARV] 00000037
3471880 ns [HARV] START
4988740 ns [HARV] rstcause: 0x1
7482560 ns [HARV] implementation id: 0x33
7930060 ns [HARV] TRAP
8745500 ns [HARV] 70000404
9561220 ns [HARV] 00000007
10014620 ns [HARV] 0004
10830920 ns [HARV] 700004CC
11647360 ns [HARV] FE0798E3
12463800 ns [HARV] FE0798E3
12736240 ns [HARV] 5D
13552260 ns [HARV] 00000002
14368280 ns [HARV] 00059452
15184300 ns [HARV] 00000000
15282080 ns [HARV] 
15729580 ns [HARV] TRAP
16545020 ns [HARV] 70000404
17360740 ns [HARV] 00000007
17814140 ns [HARV] 0004
18630440 ns [HARV] 700004CC
19446880 ns [HARV] FE0798E3
20263320 ns [HARV] FE0798E3
20535760 ns [HARV] 5D
21351780 ns [HARV] 00000002
22167800 ns [HARV] 00059452
22983820 ns [HARV] 00000000
23081600 ns [HARV] 
23529100 ns [HARV] TRAP
24344540 ns [HARV] 70000404
25160260 ns [HARV] 00000007
25613660 ns [HARV] 0004
26429960 ns [HARV] 700004CC
27246400 ns [HARV] FE0798E3
28062840 ns [HARV] FE0698E3
28335280 ns [HARV] 5D
29151300 ns [HARV] 00000002
29967320 ns [HARV] 00059452
30783340 ns [HARV] 00000000
30881120 ns [HARV] 
31328620 ns [HARV] TRAP
32144060 ns [HARV] 70000404
32959780 ns [HARV] 00000007
33413180 ns [HARV] 0004
34229480 ns [HARV] 700004CC
35045920 ns [HARV] FE0798E3
35862360 ns [HARV] FE0698E3
36134800 ns [HARV] 5D
36950820 ns [HARV] 00000002
37766840 ns [HARV] 00059452
38582860 ns [HARV] 00000000
38680640 ns [HARV] 
39128140 ns [HARV] TRAP
39943580 ns [HARV] 70000404
40759300 ns [HARV] 00000007
41212700 ns [HARV] 0004
42029000 ns [HARV] 700004CC
42845440 ns [HARV] FE0798E3
43661880 ns [HARV] FE0698E3
43934320 ns [HARV] 5D
44750340 ns [HARV] 00000002
45566360 ns [HARV] 00059452
46382380 ns [HARV] 00000000
46480160 ns [HARV] 
46927660 ns [HARV] TRAP
47743100 ns [HARV] 70000404
48558820 ns [HARV] 00000007
49012220 ns [HARV] 0004
49828520 ns [HARV] 700004CC
50644960 ns [HARV] FE0798E3
51461400 ns [HARV] FE0698E3
51733840 ns [HARV] 5D
