Time resolution is 1 ps
Note: 
Initializing external memory from /home/douglas/Projects/harv-soc/src/helloworld/out/app-sim.ahx
Time: 0 ps  Iteration: 0  Process: /ahx_tb/top_b/line__139  File: /home/douglas/Projects/harv-soc/sim/ahx_tb.vhd
Note: 
Memory loaded
Time: 0 ps  Iteration: 0  Process: /ahx_tb/top_b/line__139  File: /home/douglas/Projects/harv-soc/sim/ahx_tb.vhd
Note: 
[HARV] 
Time: 90780 ns  Iteration: 0  Process: /ahx_tb/line__250  File: /home/douglas/Projects/harv-soc/sim/ahx_tb.vhd
Note: 
[HARV] INIT
Time: 539960 ns  Iteration: 0  Process: /ahx_tb/line__250  File: /home/douglas/Projects/harv-soc/sim/ahx_tb.vhd
Note: 
[HARV] 00000001
Time: 1443080 ns  Iteration: 0  Process: /ahx_tb/line__250  File: /home/douglas/Projects/harv-soc/sim/ahx_tb.vhd
Note: 
[HARV] 00000037
Time: 2346540 ns  Iteration: 0  Process: /ahx_tb/line__250  File: /home/douglas/Projects/harv-soc/sim/ahx_tb.vhd
Note: 
[HARV] START
Time: 3471880 ns  Iteration: 0  Process: /ahx_tb/line__250  File: /home/douglas/Projects/harv-soc/sim/ahx_tb.vhd
Note: 
[HARV] rstcause: 0x1
Time: 4988740 ns  Iteration: 0  Process: /ahx_tb/line__250  File: /home/douglas/Projects/harv-soc/sim/ahx_tb.vhd
Note: 
[HARV] implementation id: 0x33
Time: 7486280 ns  Iteration: 0  Process: /ahx_tb/line__250  File: /home/douglas/Projects/harv-soc/sim/ahx_tb.vhd
Note: 
[HARV] Hello world
Time: 8689860 ns  Iteration: 0  Process: /ahx_tb/line__250  File: /home/douglas/Projects/harv-soc/sim/ahx_tb.vhd
Note: 
[HARV] Exited with code 0
Time: 10484080 ns  Iteration: 0  Process: /ahx_tb/line__250  File: /home/douglas/Projects/harv-soc/sim/ahx_tb.vhd
$finish called at time : 10484080 ns
INFO: xsimkernel Simulation Memory Usage: 234356 KB (Peak: 291692 KB), Simulation CPU Usage: 22580 ms
