90780 ns [HARV] 
539960 ns [HARV] INIT
1443080 ns [HARV] 00000001
2346540 ns [HARV] 00000037
3471880 ns [HARV] START
4988740 ns [HARV] rstcause: 0x1
7486280 ns [HARV] implementation id: 0x33
7588300 ns [HARV] 
8035800 ns [HARV] TRAP
8851380 ns [HARV] 70002B00
9667100 ns [HARV] 00000018
10120500 ns [HARV] 0010
10936660 ns [HARV] 70002B00
11752820 ns [HARV] 40A90933
12568840 ns [HARV] 00000018
12841280 ns [HARV] 5E
13657300 ns [HARV] 00000000
14473460 ns [HARV] 0005B809
15289480 ns [HARV] 00001000
16498480 ns [HARV] Hello world
18292700 ns [HARV] Exited with code 0
