90780 ns [HARV] 
539960 ns [HARV] INIT
1443080 ns [HARV] 00000001
2346540 ns [HARV] 00000037
2458440 ns [HARV] 
2905940 ns [HARV] TRAP
3721520 ns [HARV] 700022F0
4537240 ns [HARV] 00000018
4990640 ns [HARV] 0040
5806800 ns [HARV] 700022F0
6622820 ns [HARV] 05012423
7438840 ns [HARV] 02000000
7711140 ns [HARV] 00
8527580 ns [HARV] 7000CB1C
9344020 ns [HARV] 0001CE1C
10160040 ns [HARV] 00000000
11281060 ns [HARV] START
12797920 ns [HARV] rstcause: 0x1
15295460 ns [HARV] implementation id: 0x33
16499040 ns [HARV] Hello world
18293260 ns [HARV] Exited with code 0
