90780 ns [HARV] 
539960 ns [HARV] INIT
1443080 ns [HARV] 00000001
1540980 ns [HARV] 
1988480 ns [HARV] TRAP
2804060 ns [HARV] 700004E0
3619780 ns [HARV] 00000018
4073180 ns [HARV] 0010
4889340 ns [HARV] 700004E0
5705360 ns [HARV] 00008067
6521520 ns [HARV] 70000C58
6793820 ns [HARV] 38
7609980 ns [HARV] 70000C58
8426420 ns [HARV] 00011AEB
9242440 ns [HARV] 00000000
10155440 ns [HARV] 00000037
11280780 ns [HARV] START
12797640 ns [HARV] rstcause: 0x1
15295180 ns [HARV] implementation id: 0x33
16498760 ns [HARV] Hello world
18292980 ns [HARV] Exited with code 0
