********************************************************************************
* Unified simulation Tcl App stack trace dump
*
* File: .usf.tcl_error.log (Tue Oct 11 12:15:33 2022)
*
* This file is generated by the unified simulation automation and contains the
* tcl stack trace of error returned by the simulator App for the current run.
*
********************************************************************************
1
    while executing
"catch {eval "xsim $cmd_args"} err_msg"
    invoked from within
"if {[catch {eval "xsim $cmd_args"} err_msg]} {
      puts $err_msg
      set step "simulate"
      [catch {send_msg_id USF-XSim-062 ERROR "'$step' ste..."
    invoked from within
"if { $standalone_mode } {
    # no op
  } else {
    if {[catch {eval "xsim $cmd_args"} err_msg]} {
      puts $err_msg
      set step "simulate"
    ..."
    (procedure "tclapp::xilinx::xsim::simulate" line 172)
    invoked from within
"tclapp::xilinx::xsim::simulate { -simset sim_1 -mode behavioral -run_dir /home/carlos/plataforma/SoC/xilinx/harv-soc-ahx-sim.sim/sim_1/behav/xsim -int..."
