90780 ns [HARV] 
539960 ns [HARV] INIT
940860 ns [HARV] 000
1388360 ns [HARV] TRAP
2203940 ns [HARV] 700004E0
3019660 ns [HARV] 00000018
3473060 ns [HARV] 0010
4289220 ns [HARV] 700004E0
5105240 ns [HARV] 00008067
5921260 ns [HARV] 70000550
6193560 ns [HARV] 65
7009580 ns [HARV] 70000558
7825880 ns [HARV] 0000A5B5
8641900 ns [HARV] 00000000
9251560 ns [HARV] 00001
10155020 ns [HARV] 00000037
11280360 ns [HARV] START
12797220 ns [HARV] rstcause: 0x1
15294760 ns [HARV] implementation id: 0x33
16498340 ns [HARV] Hello world
18292560 ns [HARV] Exited with code 0
