90780 ns [HARV] 
539960 ns [HARV] INIT
1443080 ns [HARV] 00000001
2346540 ns [HARV] 00000037
3471880 ns [HARV] START
4988740 ns [HARV] rstcause: 0x1
7486280 ns [HARV] implementation id: 0x33
7592380 ns [HARV] 
8039880 ns [HARV] TRAP
8855460 ns [HARV] 700034A4
9671180 ns [HARV] 00000018
10124580 ns [HARV] 0040
10940740 ns [HARV] 700034A4
11757180 ns [HARV] FF4510E3
12574320 ns [HARV] FFFFFFFF
12846620 ns [HARV] 08
13663620 ns [HARV] FFFFFFF5
14479920 ns [HARV] 0005B8D5
15295940 ns [HARV] 00000000
16500860 ns [HARV] Hello world
18295080 ns [HARV] Exited with code 0
