90780 ns [HARV] 
539960 ns [HARV] INIT
1443080 ns [HARV] 00000001
2346540 ns [HARV] 00000037
3471880 ns [HARV] START
4988740 ns [HARV] rstcause: 0x1
7486280 ns [HARV] implementation id: 0x33
7754880 ns [HARV] H
8202380 ns [HARV] TRAP
9017820 ns [HARV] 70000404
9833540 ns [HARV] 00000007
10286940 ns [HARV] 0004
11103240 ns [HARV] 700004BC
11919400 ns [HARV] 800007B7
12735560 ns [HARV] 801007B7
13007860 ns [HARV] 65
13823880 ns [HARV] 80000000
14640040 ns [HARV] 0005C982
15456060 ns [HARV] 00000000
15553840 ns [HARV] 
16001340 ns [HARV] TRAP
16816780 ns [HARV] 70000404
17632500 ns [HARV] 00000007
18085900 ns [HARV] 0004
18902200 ns [HARV] 700004BC
19718360 ns [HARV] 800007B7
20534520 ns [HARV] 801007B7
20806820 ns [HARV] 65
21622840 ns [HARV] 80000000
22439000 ns [HARV] 0005C982
23255020 ns [HARV] 00000000
23352800 ns [HARV] 
23800300 ns [HARV] TRAP
24615740 ns [HARV] 70000404
25431460 ns [HARV] 00000007
25884860 ns [HARV] 0004
26701160 ns [HARV] 700004BC
27517320 ns [HARV] 800007B7
28333480 ns [HARV] 801007B7
28605780 ns [HARV] 65
29421800 ns [HARV] 80000000
30237960 ns [HARV] 0005C982
31053980 ns [HARV] 00000000
31151760 ns [HARV] 
31599260 ns [HARV] TRAP
32414700 ns [HARV] 70000404
33230420 ns [HARV] 00000007
33683820 ns [HARV] 0004
34500120 ns [HARV] 700004BC
35316280 ns [HARV] 800007B7
36132440 ns [HARV] 801007B7
36404740 ns [HARV] 65
37220760 ns [HARV] 80400000
38036920 ns [HARV] 0005C982
38852940 ns [HARV] 00000000
38950720 ns [HARV] 
39398220 ns [HARV] TRAP
40213660 ns [HARV] 70000404
41029380 ns [HARV] 00000007
41482780 ns [HARV] 0004
42299080 ns [HARV] 700004BC
43115240 ns [HARV] 800007B7
43931400 ns [HARV] 801007B7
44203700 ns [HARV] 65
45019720 ns [HARV] 80400000
45835880 ns [HARV] 0005C982
46651900 ns [HARV] 00000000
46749680 ns [HARV] 
47197180 ns [HARV] TRAP
48012620 ns [HARV] 70000404
48828340 ns [HARV] 00000007
49281740 ns [HARV] 0004
50098040 ns [HARV] 700004BC
50914200 ns [HARV] 800007B7
51730360 ns [HARV] 801007B7
52002660 ns [HARV] 65
