90780 ns [HARV] 
539960 ns [HARV] INIT
1443080 ns [HARV] 00000001
2346540 ns [HARV] 00000037
2891660 ns [HARV] 
3339160 ns [HARV] TRAP
4154600 ns [HARV] 70003530
4970320 ns [HARV] 00000018
5423720 ns [HARV] 0040
6239740 ns [HARV] 70003530
7055760 ns [HARV] 09812423
7871780 ns [HARV] 00002000
8144080 ns [HARV] 00
8960660 ns [HARV] 7000CAAC
9776820 ns [HARV] 000222B9
10592840 ns [HARV] 00000000
11280640 ns [HARV] START
12797500 ns [HARV] rstcause: 0x1
15295040 ns [HARV] implementation id: 0x33
16498620 ns [HARV] Hello world
18292840 ns [HARV] Exited with code 0
