90780 ns [HARV] 
539960 ns [HARV] INIT
1443080 ns [HARV] 00000001
2346540 ns [HARV] 00000037
2458720 ns [HARV] 
2906220 ns [HARV] TRAP
3721800 ns [HARV] 700022F4
4537520 ns [HARV] 00000018
4990920 ns [HARV] 0040
5807080 ns [HARV] 700022F4
6623100 ns [HARV] 05112623
7439120 ns [HARV] 00200000
7711420 ns [HARV] 00
8527720 ns [HARV] 7000CB20
9344160 ns [HARV] 0001CE2A
10160180 ns [HARV] 00000000
11280920 ns [HARV] START
12797780 ns [HARV] rstcause: 0x1
15295320 ns [HARV] implementation id: 0x33
16498900 ns [HARV] Hello world
18293120 ns [HARV] Exited with code 0
