90780 ns [HARV] 
539960 ns [HARV] INIT
1443080 ns [HARV] 00000001
2346540 ns [HARV] 00000037
2451640 ns [HARV] 
2899140 ns [HARV] TRAP
3714860 ns [HARV] 700021DC
4530580 ns [HARV] 00000018
4983980 ns [HARV] 0040
5800280 ns [HARV] 700021DC
6616300 ns [HARV] 01212023
7432320 ns [HARV] 00004000
7704620 ns [HARV] 00
8520920 ns [HARV] 7000CB14
9337360 ns [HARV] 0001CCC8
10153380 ns [HARV] 02000000
11281200 ns [HARV] START
12798060 ns [HARV] rstcause: 0x1
15295600 ns [HARV] implementation id: 0x33
16499180 ns [HARV] Hello world
18293400 ns [HARV] Exited with code 0
